Command line invocation:
    /Applications/Xcode.app/Contents/Developer/usr/bin/xcodebuild -scheme Droppy -configuration Release -destination generic/platform=macOS "ARCHS=arm64 x86_64" ONLY_ACTIVE_ARCH=NO

Build settings from command line:
    ARCHS = arm64 x86_64
    ONLY_ACTIVE_ARCH = NO

2026-01-04 02:27:37.716 xcodebuild[51947:1852035] [MT] IDERunDestination: Supported platforms for the buildables in the current scheme is empty.
ComputePackagePrebuildTargetDependencyGraph

Prepare packages

CreateBuildRequest

SendProjectDescription

CreateBuildOperation

ComputeTargetDependencyGraph
note: Building targets in dependency order
note: Target dependency graph (1 target)
    Target 'Droppy' in project 'Droppy' (no dependencies)

GatherProvisioningInputs

CreateBuildDescription

ExecuteExternalTool /Applications/Xcode.app/Contents/Developer/Toolchains/XcodeDefault.xctoolchain/usr/bin/clang -v -E -dM -isysroot /Applications/Xcode.app/Contents/Developer/Platforms/MacOSX.platform/Developer/SDKs/MacOSX26.2.sdk -x c -c /dev/null

ExecuteExternalTool /Applications/Xcode.app/Contents/Developer/usr/bin/actool --version --output-format xml1

ExecuteExternalTool /Applications/Xcode.app/Contents/Developer/Toolchains/XcodeDefault.xctoolchain/usr/bin/swiftc --version

ExecuteExternalTool /Applications/Xcode.app/Contents/Developer/Toolchains/XcodeDefault.xctoolchain/usr/bin/ld -version_details

Build description signature: 0b4349035129eb3b3faf00d74eea51a3
Build description path: /Users/jordyspruit/Library/Developer/Xcode/DerivedData/Droppy-gsnsjehegyqytmgkrbkeikyhncoe/Build/Intermediates.noindex/XCBuildData/0b4349035129eb3b3faf00d74eea51a3.xcbuilddata
error: unable to attach DB: error: accessing build database "/Users/jordyspruit/Library/Developer/Xcode/DerivedData/Droppy-gsnsjehegyqytmgkrbkeikyhncoe/Build/Intermediates.noindex/XCBuildData/build.db": database is locked Possibly there are two concurrent builds running in the same filesystem location.
** BUILD FAILED **


The following build commands failed:
	Building project Droppy with scheme Droppy and configuration Release
(1 failure)
