Command line invocation:
    /Applications/Xcode.app/Contents/Developer/usr/bin/xcodebuild -scheme Droppy -configuration Release -destination generic/platform=macOS "ARCHS=arm64 x86_64" ONLY_ACTIVE_ARCH=NO

Build settings from command line:
    ARCHS = arm64 x86_64
    ONLY_ACTIVE_ARCH = NO

2026-01-04 02:43:05.834 xcodebuild[53444:1876483] [MT] IDERunDestination: Supported platforms for the buildables in the current scheme is empty.
ComputePackagePrebuildTargetDependencyGraph

Prepare packages

CreateBuildRequest

SendProjectDescription

CreateBuildOperation

ComputeTargetDependencyGraph
note: Building targets in dependency order
note: Target dependency graph (1 target)
    Target 'Droppy' in project 'Droppy' (no dependencies)

GatherProvisioningInputs

CreateBuildDescription

ExecuteExternalTool /Applications/Xcode.app/Contents/Developer/usr/bin/actool --version --output-format xml1

ExecuteExternalTool /Applications/Xcode.app/Contents/Developer/Toolchains/XcodeDefault.xctoolchain/usr/bin/clang -v -E -dM -isysroot /Applications/Xcode.app/Contents/Developer/Platforms/MacOSX.platform/Developer/SDKs/MacOSX26.2.sdk -x c -c /dev/null

ExecuteExternalTool /Applications/Xcode.app/Contents/Developer/Toolchains/XcodeDefault.xctoolchain/usr/bin/swiftc --version

ExecuteExternalTool /Applications/Xcode.app/Contents/Developer/Toolchains/XcodeDefault.xctoolchain/usr/bin/ld -version_details

Build description signature: 9cb3e9415bfad58d1b69c5532135d7ff
Build description path: /Users/jordyspruit/Library/Developer/Xcode/DerivedData/Droppy-gsnsjehegyqytmgkrbkeikyhncoe/Build/Intermediates.noindex/XCBuildData/9cb3e9415bfad58d1b69c5532135d7ff.xcbuilddata
ClangStatCache /Applications/Xcode.app/Contents/Developer/Toolchains/XcodeDefault.xctoolchain/usr/bin/clang-stat-cache /Applications/Xcode.app/Contents/Developer/Platforms/MacOSX.platform/Developer/SDKs/MacOSX26.2.sdk /Users/jordyspruit/Library/Developer/Xcode/DerivedData/SDKStatCaches.noindex/macosx26.2-25C57-00fa09913b459cbbc988d1f6730289ae.sdkstatcache
    cd /Users/jordyspruit/Desktop/Droppy/Droppy.xcodeproj
    /Applications/Xcode.app/Contents/Developer/Toolchains/XcodeDefault.xctoolchain/usr/bin/clang-stat-cache /Applications/Xcode.app/Contents/Developer/Platforms/MacOSX.platform/Developer/SDKs/MacOSX26.2.sdk -o /Users/jordyspruit/Library/Developer/Xcode/DerivedData/SDKStatCaches.noindex/macosx26.2-25C57-00fa09913b459cbbc988d1f6730289ae.sdkstatcache

ProcessInfoPlistFile /Users/jordyspruit/Library/Developer/Xcode/DerivedData/Droppy-gsnsjehegyqytmgkrbkeikyhncoe/Build/Products/Release/Droppy.app/Contents/Info.plist /Users/jordyspruit/Library/Developer/Xcode/DerivedData/Droppy-gsnsjehegyqytmgkrbkeikyhncoe/Build/Intermediates.noindex/Droppy.build/Release/Droppy.build/empty-Droppy.plist (in target 'Droppy' from project 'Droppy')
    cd /Users/jordyspruit/Desktop/Droppy
    builtin-infoPlistUtility /Users/jordyspruit/Library/Developer/Xcode/DerivedData/Droppy-gsnsjehegyqytmgkrbkeikyhncoe/Build/Intermediates.noindex/Droppy.build/Release/Droppy.build/empty-Droppy.plist -producttype com.apple.product-type.application -genpkginfo /Users/jordyspruit/Library/Developer/Xcode/DerivedData/Droppy-gsnsjehegyqytmgkrbkeikyhncoe/Build/Products/Release/Droppy.app/Contents/PkgInfo -expandbuildsettings -platform macosx -additionalcontentfile /Users/jordyspruit/Library/Developer/Xcode/DerivedData/Droppy-gsnsjehegyqytmgkrbkeikyhncoe/Build/Intermediates.noindex/Droppy.build/Release/Droppy.build/assetcatalog_generated_info.plist -o /Users/jordyspruit/Library/Developer/Xcode/DerivedData/Droppy-gsnsjehegyqytmgkrbkeikyhncoe/Build/Products/Release/Droppy.app/Contents/Info.plist

SwiftDriver Droppy normal arm64 com.apple.xcode.tools.swift.compiler (in target 'Droppy' from project 'Droppy')
    cd /Users/jordyspruit/Desktop/Droppy
    builtin-SwiftDriver -- /Applications/Xcode.app/Contents/Developer/Toolchains/XcodeDefault.xctoolchain/usr/bin/swiftc -module-name Droppy -O -whole-module-optimization -enforce-exclusivity\=checked @/Users/jordyspruit/Library/Developer/Xcode/DerivedData/Droppy-gsnsjehegyqytmgkrbkeikyhncoe/Build/Intermediates.noindex/Droppy.build/Release/Droppy.build/Objects-normal/arm64/Droppy.SwiftFileList -default-isolation\=MainActor -enable-bare-slash-regex -enable-upcoming-feature DisableOutwardActorInference -enable-upcoming-feature InferSendableFromCaptures -enable-upcoming-feature GlobalActorIsolatedTypesUsability -enable-upcoming-feature MemberImportVisibility -enable-upcoming-feature InferIsolatedConformances -enable-upcoming-feature NonisolatedNonsendingByDefault -enable-experimental-feature DebugDescriptionMacro -sdk /Applications/Xcode.app/Contents/Developer/Platforms/MacOSX.platform/Developer/SDKs/MacOSX26.2.sdk -target arm64-apple-macos14.0 -g -module-cache-path /Users/jordyspruit/Library/Developer/Xcode/DerivedData/ModuleCache.noindex -Xfrontend -serialize-debugging-options -swift-version 5 -I /Users/jordyspruit/Library/Developer/Xcode/DerivedData/Droppy-gsnsjehegyqytmgkrbkeikyhncoe/Build/Products/Release -F /Users/jordyspruit/Library/Developer/Xcode/DerivedData/Droppy-gsnsjehegyqytmgkrbkeikyhncoe/Build/Products/Release -emit-localized-strings -emit-localized-strings-path /Users/jordyspruit/Library/Developer/Xcode/DerivedData/Droppy-gsnsjehegyqytmgkrbkeikyhncoe/Build/Intermediates.noindex/Droppy.build/Release/Droppy.build/Objects-normal/arm64 -c -num-threads 10 -Xcc -ivfsstatcache -Xcc /Users/jordyspruit/Library/Developer/Xcode/DerivedData/SDKStatCaches.noindex/macosx26.2-25C57-00fa09913b459cbbc988d1f6730289ae.sdkstatcache -output-file-map /Users/jordyspruit/Library/Developer/Xcode/DerivedData/Droppy-gsnsjehegyqytmgkrbkeikyhncoe/Build/Intermediates.noindex/Droppy.build/Release/Droppy.build/Objects-normal/arm64/Droppy-OutputFileMap.json -use-frontend-parseable-output -save-temps -no-color-diagnostics -explicit-module-build -module-cache-path /Users/jordyspruit/Library/Developer/Xcode/DerivedData/Droppy-gsnsjehegyqytmgkrbkeikyhncoe/Build/Intermediates.noindex/SwiftExplicitPrecompiledModules -clang-scanner-module-cache-path /Users/jordyspruit/Library/Developer/Xcode/DerivedData/ModuleCache.noindex -sdk-module-cache-path /Users/jordyspruit/Library/Developer/Xcode/DerivedData/ModuleCache.noindex -serialize-diagnostics -emit-dependencies -emit-module -emit-module-path /Users/jordyspruit/Library/Developer/Xcode/DerivedData/Droppy-gsnsjehegyqytmgkrbkeikyhncoe/Build/Intermediates.noindex/Droppy.build/Release/Droppy.build/Objects-normal/arm64/Droppy.swiftmodule -validate-clang-modules-once -clang-build-session-file /Users/jordyspruit/Library/Developer/Xcode/DerivedData/ModuleCache.noindex/Session.modulevalidation -Xcc -I/Users/jordyspruit/Library/Developer/Xcode/DerivedData/Droppy-gsnsjehegyqytmgkrbkeikyhncoe/Build/Intermediates.noindex/Droppy.build/Release/Droppy.build/swift-overrides.hmap -emit-const-values -Xfrontend -const-gather-protocols-file -Xfrontend /Users/jordyspruit/Library/Developer/Xcode/DerivedData/Droppy-gsnsjehegyqytmgkrbkeikyhncoe/Build/Intermediates.noindex/Droppy.build/Release/Droppy.build/Objects-normal/arm64/Droppy_const_extract_protocols.json -Xcc -iquote -Xcc /Users/jordyspruit/Library/Developer/Xcode/DerivedData/Droppy-gsnsjehegyqytmgkrbkeikyhncoe/Build/Intermediates.noindex/Droppy.build/Release/Droppy.build/Droppy-generated-files.hmap -Xcc -I/Users/jordyspruit/Library/Developer/Xcode/DerivedData/Droppy-gsnsjehegyqytmgkrbkeikyhncoe/Build/Intermediates.noindex/Droppy.build/Release/Droppy.build/Droppy-own-target-headers.hmap -Xcc -I/Users/jordyspruit/Library/Developer/Xcode/DerivedData/Droppy-gsnsjehegyqytmgkrbkeikyhncoe/Build/Intermediates.noindex/Droppy.build/Release/Droppy.build/Droppy-all-target-headers.hmap -Xcc -iquote -Xcc /Users/jordyspruit/Library/Developer/Xcode/DerivedData/Droppy-gsnsjehegyqytmgkrbkeikyhncoe/Build/Intermediates.noindex/Droppy.build/Release/Droppy.build/Droppy-project-headers.hmap -Xcc -I/Users/jordyspruit/Library/Developer/Xcode/DerivedData/Droppy-gsnsjehegyqytmgkrbkeikyhncoe/Build/Products/Release/include -Xcc -I/Users/jordyspruit/Library/Developer/Xcode/DerivedData/Droppy-gsnsjehegyqytmgkrbkeikyhncoe/Build/Intermediates.noindex/Droppy.build/Release/Droppy.build/DerivedSources-normal/arm64 -Xcc -I/Users/jordyspruit/Library/Developer/Xcode/DerivedData/Droppy-gsnsjehegyqytmgkrbkeikyhncoe/Build/Intermediates.noindex/Droppy.build/Release/Droppy.build/DerivedSources/arm64 -Xcc -I/Users/jordyspruit/Library/Developer/Xcode/DerivedData/Droppy-gsnsjehegyqytmgkrbkeikyhncoe/Build/Intermediates.noindex/Droppy.build/Release/Droppy.build/DerivedSources -emit-objc-header -emit-objc-header-path /Users/jordyspruit/Library/Developer/Xcode/DerivedData/Droppy-gsnsjehegyqytmgkrbkeikyhncoe/Build/Intermediates.noindex/Droppy.build/Release/Droppy.build/Objects-normal/arm64/Droppy-Swift.h -working-directory /Users/jordyspruit/Desktop/Droppy -no-emit-module-separately-wmo
/Users/jordyspruit/Desktop/Droppy/Droppy/SettingsView.swift:283:10: error: consecutive statements on a line must be separated by ';'
        } header: {
         ^
         ;
/Users/jordyspruit/Desktop/Droppy/Droppy/SettingsView.swift:283:19: error: labeled block needs 'do'
        } header: {
                  ^
                  do 
/Users/jordyspruit/Desktop/Droppy/Droppy/SettingsView.swift:283:11: error: statements are not allowed at the top level
        } header: {
          ^
/Users/jordyspruit/Desktop/Droppy/Droppy/SettingsView.swift:285:10: error: consecutive statements on a line must be separated by ';'
        } footer: {
         ^
         ;
/Users/jordyspruit/Desktop/Droppy/Droppy/SettingsView.swift:285:19: error: labeled block needs 'do'
        } footer: {
                  ^
                  do 
/Users/jordyspruit/Desktop/Droppy/Droppy/SettingsView.swift:285:11: error: statements are not allowed at the top level
        } footer: {
          ^
/Users/jordyspruit/Desktop/Droppy/Droppy/SettingsView.swift:288:9: error: expressions are not allowed at the top level
        .onAppear {
        ^
/Users/jordyspruit/Desktop/Droppy/Droppy/SettingsView.swift:291:5: error: extraneous '}' at top level
    }
    ^
    
/Users/jordyspruit/Desktop/Droppy/Droppy/SettingsView.swift:292:1: error: extraneous '}' at top level
}
^
/Users/jordyspruit/Desktop/Droppy/Droppy/SettingsView.swift:283:10: error: consecutive statements on a line must be separated by ';'
        } header: {
         ^
         ;
/Users/jordyspruit/Desktop/Droppy/Droppy/SettingsView.swift:283:19: error: labeled block needs 'do'
        } header: {
                  ^
                  do 
/Users/jordyspruit/Desktop/Droppy/Droppy/SettingsView.swift:283:11: error: statements are not allowed at the top level
        } header: {
          ^
/Users/jordyspruit/Desktop/Droppy/Droppy/SettingsView.swift:285:10: error: consecutive statements on a line must be separated by ';'
        } footer: {
         ^
         ;
/Users/jordyspruit/Desktop/Droppy/Droppy/SettingsView.swift:285:19: error: labeled block needs 'do'
        } footer: {
                  ^
                  do 
/Users/jordyspruit/Desktop/Droppy/Droppy/SettingsView.swift:285:11: error: statements are not allowed at the top level
        } footer: {
          ^
/Users/jordyspruit/Desktop/Droppy/Droppy/SettingsView.swift:288:9: error: expressions are not allowed at the top level
        .onAppear {
        ^
/Users/jordyspruit/Desktop/Droppy/Droppy/SettingsView.swift:291:5: error: extraneous '}' at top level
    }
    ^
    
/Users/jordyspruit/Desktop/Droppy/Droppy/SettingsView.swift:292:1: error: extraneous '}' at top level
}
^
/Users/jordyspruit/Desktop/Droppy/Droppy/SettingsView.swift:283:10: error: Consecutive statements on a line must be separated by ';'
        } header: {
         ^
         ; (in target 'Droppy' from project 'Droppy')
/Users/jordyspruit/Desktop/Droppy/Droppy/SettingsView.swift:283:19: error: Labeled block needs 'do'
        } header: {
                  ^
                  do  (in target 'Droppy' from project 'Droppy')
/Users/jordyspruit/Desktop/Droppy/Droppy/SettingsView.swift:283:11: error: Statements are not allowed at the top level
        } header: {
          ^ (in target 'Droppy' from project 'Droppy')
/Users/jordyspruit/Desktop/Droppy/Droppy/SettingsView.swift:285:10: error: Consecutive statements on a line must be separated by ';'
        } footer: {
         ^
         ; (in target 'Droppy' from project 'Droppy')
/Users/jordyspruit/Desktop/Droppy/Droppy/SettingsView.swift:285:19: error: Labeled block needs 'do'
        } footer: {
                  ^
                  do  (in target 'Droppy' from project 'Droppy')
/Users/jordyspruit/Desktop/Droppy/Droppy/SettingsView.swift:285:11: error: Statements are not allowed at the top level
        } footer: {
          ^ (in target 'Droppy' from project 'Droppy')
/Users/jordyspruit/Desktop/Droppy/Droppy/SettingsView.swift:288:9: error: Expressions are not allowed at the top level
        .onAppear {
        ^ (in target 'Droppy' from project 'Droppy')
/Users/jordyspruit/Desktop/Droppy/Droppy/SettingsView.swift:291:5: error: Extraneous '}' at top level
    }
    ^
     (in target 'Droppy' from project 'Droppy')
/Users/jordyspruit/Desktop/Droppy/Droppy/SettingsView.swift:292:1: error: Extraneous '}' at top level
}
^ (in target 'Droppy' from project 'Droppy')

SwiftDriver Droppy normal x86_64 com.apple.xcode.tools.swift.compiler (in target 'Droppy' from project 'Droppy')
    cd /Users/jordyspruit/Desktop/Droppy
    builtin-SwiftDriver -- /Applications/Xcode.app/Contents/Developer/Toolchains/XcodeDefault.xctoolchain/usr/bin/swiftc -module-name Droppy -O -whole-module-optimization -enforce-exclusivity\=checked @/Users/jordyspruit/Library/Developer/Xcode/DerivedData/Droppy-gsnsjehegyqytmgkrbkeikyhncoe/Build/Intermediates.noindex/Droppy.build/Release/Droppy.build/Objects-normal/x86_64/Droppy.SwiftFileList -default-isolation\=MainActor -enable-bare-slash-regex -enable-upcoming-feature DisableOutwardActorInference -enable-upcoming-feature InferSendableFromCaptures -enable-upcoming-feature GlobalActorIsolatedTypesUsability -enable-upcoming-feature MemberImportVisibility -enable-upcoming-feature InferIsolatedConformances -enable-upcoming-feature NonisolatedNonsendingByDefault -enable-experimental-feature DebugDescriptionMacro -sdk /Applications/Xcode.app/Contents/Developer/Platforms/MacOSX.platform/Developer/SDKs/MacOSX26.2.sdk -target x86_64-apple-macos14.0 -g -module-cache-path /Users/jordyspruit/Library/Developer/Xcode/DerivedData/ModuleCache.noindex -Xfrontend -serialize-debugging-options -swift-version 5 -I /Users/jordyspruit/Library/Developer/Xcode/DerivedData/Droppy-gsnsjehegyqytmgkrbkeikyhncoe/Build/Products/Release -F /Users/jordyspruit/Library/Developer/Xcode/DerivedData/Droppy-gsnsjehegyqytmgkrbkeikyhncoe/Build/Products/Release -emit-localized-strings -emit-localized-strings-path /Users/jordyspruit/Library/Developer/Xcode/DerivedData/Droppy-gsnsjehegyqytmgkrbkeikyhncoe/Build/Intermediates.noindex/Droppy.build/Release/Droppy.build/Objects-normal/x86_64 -c -num-threads 10 -Xcc -ivfsstatcache -Xcc /Users/jordyspruit/Library/Developer/Xcode/DerivedData/SDKStatCaches.noindex/macosx26.2-25C57-00fa09913b459cbbc988d1f6730289ae.sdkstatcache -output-file-map /Users/jordyspruit/Library/Developer/Xcode/DerivedData/Droppy-gsnsjehegyqytmgkrbkeikyhncoe/Build/Intermediates.noindex/Droppy.build/Release/Droppy.build/Objects-normal/x86_64/Droppy-OutputFileMap.json -use-frontend-parseable-output -save-temps -no-color-diagnostics -explicit-module-build -module-cache-path /Users/jordyspruit/Library/Developer/Xcode/DerivedData/Droppy-gsnsjehegyqytmgkrbkeikyhncoe/Build/Intermediates.noindex/SwiftExplicitPrecompiledModules -clang-scanner-module-cache-path /Users/jordyspruit/Library/Developer/Xcode/DerivedData/ModuleCache.noindex -sdk-module-cache-path /Users/jordyspruit/Library/Developer/Xcode/DerivedData/ModuleCache.noindex -serialize-diagnostics -emit-dependencies -emit-module -emit-module-path /Users/jordyspruit/Library/Developer/Xcode/DerivedData/Droppy-gsnsjehegyqytmgkrbkeikyhncoe/Build/Intermediates.noindex/Droppy.build/Release/Droppy.build/Objects-normal/x86_64/Droppy.swiftmodule -validate-clang-modules-once -clang-build-session-file /Users/jordyspruit/Library/Developer/Xcode/DerivedData/ModuleCache.noindex/Session.modulevalidation -Xcc -I/Users/jordyspruit/Library/Developer/Xcode/DerivedData/Droppy-gsnsjehegyqytmgkrbkeikyhncoe/Build/Intermediates.noindex/Droppy.build/Release/Droppy.build/swift-overrides.hmap -emit-const-values -Xfrontend -const-gather-protocols-file -Xfrontend /Users/jordyspruit/Library/Developer/Xcode/DerivedData/Droppy-gsnsjehegyqytmgkrbkeikyhncoe/Build/Intermediates.noindex/Droppy.build/Release/Droppy.build/Objects-normal/x86_64/Droppy_const_extract_protocols.json -Xcc -iquote -Xcc /Users/jordyspruit/Library/Developer/Xcode/DerivedData/Droppy-gsnsjehegyqytmgkrbkeikyhncoe/Build/Intermediates.noindex/Droppy.build/Release/Droppy.build/Droppy-generated-files.hmap -Xcc -I/Users/jordyspruit/Library/Developer/Xcode/DerivedData/Droppy-gsnsjehegyqytmgkrbkeikyhncoe/Build/Intermediates.noindex/Droppy.build/Release/Droppy.build/Droppy-own-target-headers.hmap -Xcc -I/Users/jordyspruit/Library/Developer/Xcode/DerivedData/Droppy-gsnsjehegyqytmgkrbkeikyhncoe/Build/Intermediates.noindex/Droppy.build/Release/Droppy.build/Droppy-all-target-headers.hmap -Xcc -iquote -Xcc /Users/jordyspruit/Library/Developer/Xcode/DerivedData/Droppy-gsnsjehegyqytmgkrbkeikyhncoe/Build/Intermediates.noindex/Droppy.build/Release/Droppy.build/Droppy-project-headers.hmap -Xcc -I/Users/jordyspruit/Library/Developer/Xcode/DerivedData/Droppy-gsnsjehegyqytmgkrbkeikyhncoe/Build/Products/Release/include -Xcc -I/Users/jordyspruit/Library/Developer/Xcode/DerivedData/Droppy-gsnsjehegyqytmgkrbkeikyhncoe/Build/Intermediates.noindex/Droppy.build/Release/Droppy.build/DerivedSources-normal/x86_64 -Xcc -I/Users/jordyspruit/Library/Developer/Xcode/DerivedData/Droppy-gsnsjehegyqytmgkrbkeikyhncoe/Build/Intermediates.noindex/Droppy.build/Release/Droppy.build/DerivedSources/x86_64 -Xcc -I/Users/jordyspruit/Library/Developer/Xcode/DerivedData/Droppy-gsnsjehegyqytmgkrbkeikyhncoe/Build/Intermediates.noindex/Droppy.build/Release/Droppy.build/DerivedSources -emit-objc-header -emit-objc-header-path /Users/jordyspruit/Library/Developer/Xcode/DerivedData/Droppy-gsnsjehegyqytmgkrbkeikyhncoe/Build/Intermediates.noindex/Droppy.build/Release/Droppy.build/Objects-normal/x86_64/Droppy-Swift.h -working-directory /Users/jordyspruit/Desktop/Droppy -no-emit-module-separately-wmo
/Users/jordyspruit/Desktop/Droppy/Droppy/SettingsView.swift:283:10: error: Consecutive statements on a line must be separated by ';'
        } header: {
         ^
         ; (in target 'Droppy' from project 'Droppy')
/Users/jordyspruit/Desktop/Droppy/Droppy/SettingsView.swift:283:19: error: Labeled block needs 'do'
        } header: {
                  ^
                  do  (in target 'Droppy' from project 'Droppy')
/Users/jordyspruit/Desktop/Droppy/Droppy/SettingsView.swift:283:11: error: Statements are not allowed at the top level
        } header: {
          ^ (in target 'Droppy' from project 'Droppy')
/Users/jordyspruit/Desktop/Droppy/Droppy/SettingsView.swift:285:10: error: Consecutive statements on a line must be separated by ';'
        } footer: {
         ^
         ; (in target 'Droppy' from project 'Droppy')
/Users/jordyspruit/Desktop/Droppy/Droppy/SettingsView.swift:285:19: error: Labeled block needs 'do'
        } footer: {
                  ^
                  do  (in target 'Droppy' from project 'Droppy')
/Users/jordyspruit/Desktop/Droppy/Droppy/SettingsView.swift:285:11: error: Statements are not allowed at the top level
        } footer: {
          ^ (in target 'Droppy' from project 'Droppy')
/Users/jordyspruit/Desktop/Droppy/Droppy/SettingsView.swift:288:9: error: Expressions are not allowed at the top level
        .onAppear {
        ^ (in target 'Droppy' from project 'Droppy')
/Users/jordyspruit/Desktop/Droppy/Droppy/SettingsView.swift:291:5: error: Extraneous '}' at top level
    }
    ^
     (in target 'Droppy' from project 'Droppy')
/Users/jordyspruit/Desktop/Droppy/Droppy/SettingsView.swift:292:1: error: Extraneous '}' at top level
}
^ (in target 'Droppy' from project 'Droppy')

** BUILD FAILED **


The following build commands failed:
	SwiftDriver Droppy normal arm64 com.apple.xcode.tools.swift.compiler (in target 'Droppy' from project 'Droppy')
	SwiftDriver Droppy normal x86_64 com.apple.xcode.tools.swift.compiler (in target 'Droppy' from project 'Droppy')
	Building project Droppy with scheme Droppy and configuration Release
(3 failures)
